c:\users\horyongjung\desktop\babaisyou_jhr\gameframework\binobj\vc142.pdb
c:\users\horyongjung\desktop\babaisyou_jhr\gameframework\binobj\flag.obj
c:\users\horyongjung\desktop\babaisyou_jhr\gameframework\binobj\effect.obj
c:\users\horyongjung\desktop\babaisyou_jhr\gameframework\binobj\connect.obj
c:\users\horyongjung\desktop\babaisyou_jhr\gameframework\binobj\character.obj
c:\users\horyongjung\desktop\babaisyou_jhr\gameframework\binobj\blockobj.obj
c:\users\horyongjung\desktop\babaisyou_jhr\gameframework\binobj\backgroundobj.obj
c:\users\horyongjung\desktop\babaisyou_jhr\gameframework\binobj\babaname.obj
c:\users\horyongjung\desktop\babaisyou_jhr\gameframework\binobj\baba.obj
c:\users\horyongjung\desktop\babaisyou_jhr\gameframework\binobj\math.obj
c:\users\horyongjung\desktop\babaisyou_jhr\gameframework\binobj\maptooldlg.obj
c:\users\horyongjung\desktop\babaisyou_jhr\gameframework\binobj\main.obj
c:\users\horyongjung\desktop\babaisyou_jhr\gameframework\binobj\input.obj
c:\users\horyongjung\desktop\babaisyou_jhr\gameframework\binobj\gamemanager.obj
c:\users\horyongjung\desktop\babaisyou_jhr\gameframework\binobj\fontmanager.obj
c:\users\horyongjung\desktop\babaisyou_jhr\gameframework\binobj\collision.obj
c:\users\horyongjung\desktop\babaisyou_jhr\gameframework\binobj\collidersphere.obj
c:\users\horyongjung\desktop\babaisyou_jhr\gameframework\binobj\colliderrect.obj
c:\users\horyongjung\desktop\babaisyou_jhr\gameframework\binobj\collider.obj
c:\users\horyongjung\desktop\babaisyou_jhr\gameframework\binobj\animationtooldlg.obj
c:\users\horyongjung\desktop\babaisyou_jhr\gameframework\binobj\animation.obj
c:\users\horyongjung\desktop\babaisyou_jhr\gameframework\binobj\stageobj.obj
c:\users\horyongjung\desktop\babaisyou_jhr\gameframework\binobj\selector.obj
c:\users\horyongjung\desktop\babaisyou_jhr\gameframework\binobj\rockname.obj
c:\users\horyongjung\desktop\babaisyou_jhr\gameframework\binobj\rocket.obj
c:\users\horyongjung\desktop\babaisyou_jhr\gameframework\binobj\rock.obj
c:\users\horyongjung\desktop\babaisyou_jhr\gameframework\binobj\push.obj
c:\users\horyongjung\desktop\babaisyou_jhr\gameframework\binobj\obj.obj
c:\users\horyongjung\desktop\babaisyou_jhr\gameframework\binobj\number.obj
c:\users\horyongjung\desktop\babaisyou_jhr\gameframework\binobj\name.obj
c:\users\horyongjung\desktop\babaisyou_jhr\gameframework\binobj\mouse.obj
c:\users\horyongjung\desktop\babaisyou_jhr\gameframework\binobj\mappath.obj
c:\users\horyongjung\desktop\babaisyou_jhr\gameframework\binobj\mapobj.obj
c:\users\horyongjung\desktop\babaisyou_jhr\gameframework\binobj\lockdoor.obj
c:\users\horyongjung\desktop\babaisyou_jhr\gameframework\binobj\is.obj
c:\users\horyongjung\desktop\babaisyou_jhr\gameframework\binobj\groundtile.obj
c:\users\horyongjung\desktop\babaisyou_jhr\gameframework\binobj\grass.obj
c:\users\horyongjung\desktop\babaisyou_jhr\gameframework\binobj\fungi.obj
c:\users\horyongjung\desktop\babaisyou_jhr\gameframework\binobj\foliage.obj
c:\users\horyongjung\desktop\babaisyou_jhr\gameframework\binobj\flower.obj
c:\users\horyongjung\desktop\babaisyou_jhr\gameframework\binobj\flagname.obj
c:\users\horyongjung\desktop\babaisyou_jhr\gameframework\binobj\animationsequence.obj
c:\users\horyongjung\desktop\babaisyou_jhr\gameframework\binobj\animationnotify.obj
c:\users\horyongjung\desktop\babaisyou_jhr\gameframework\binobj\ref.obj
c:\users\horyongjung\desktop\babaisyou_jhr\gameframework\binobj\pathmanager.obj
c:\users\horyongjung\desktop\babaisyou_jhr\gameframework\binobj\you.obj
c:\users\horyongjung\desktop\babaisyou_jhr\gameframework\binobj\word.obj
c:\users\horyongjung\desktop\babaisyou_jhr\gameframework\binobj\win.obj
c:\users\horyongjung\desktop\babaisyou_jhr\gameframework\binobj\wallname.obj
c:\users\horyongjung\desktop\babaisyou_jhr\gameframework\binobj\wall.obj
c:\users\horyongjung\desktop\babaisyou_jhr\gameframework\binobj\uibackground.obj
c:\users\horyongjung\desktop\babaisyou_jhr\gameframework\binobj\uiimage.obj
c:\users\horyongjung\desktop\babaisyou_jhr\gameframework\binobj\uibutton.obj
c:\users\horyongjung\desktop\babaisyou_jhr\gameframework\binobj\uibar.obj
c:\users\horyongjung\desktop\babaisyou_jhr\gameframework\binobj\ui.obj
c:\users\horyongjung\desktop\babaisyou_jhr\gameframework\binobj\tree.obj
c:\users\horyongjung\desktop\babaisyou_jhr\gameframework\binobj\tpblock.obj
c:\users\horyongjung\desktop\babaisyou_jhr\gameframework\binobj\text.obj
c:\users\horyongjung\desktop\babaisyou_jhr\gameframework\binobj\stop.obj
c:\users\horyongjung\desktop\babaisyou_jhr\gameframework\binobj\state.obj
c:\users\horyongjung\desktop\babaisyou_jhr\gameframework\binobj\star.obj
c:\users\horyongjung\desktop\babaisyou_jhr\gameframework\binobj\timer.obj
c:\users\horyongjung\desktop\babaisyou_jhr\gameframework\binobj\tilemap.obj
c:\users\horyongjung\desktop\babaisyou_jhr\gameframework\binobj\tile.obj
c:\users\horyongjung\desktop\babaisyou_jhr\gameframework\binobj\scenestart.obj
c:\users\horyongjung\desktop\babaisyou_jhr\gameframework\binobj\scenestage01.obj
c:\users\horyongjung\desktop\babaisyou_jhr\gameframework\binobj\scenestage00.obj
c:\users\horyongjung\desktop\babaisyou_jhr\gameframework\binobj\scenestage.obj
c:\users\horyongjung\desktop\babaisyou_jhr\gameframework\binobj\sceneresource.obj
c:\users\horyongjung\desktop\babaisyou_jhr\gameframework\binobj\scenemanager.obj
c:\users\horyongjung\desktop\babaisyou_jhr\gameframework\binobj\scenemainmap.obj
c:\users\horyongjung\desktop\babaisyou_jhr\gameframework\binobj\sceneedit.obj
c:\users\horyongjung\desktop\babaisyou_jhr\gameframework\binobj\scenecollision.obj
c:\users\horyongjung\desktop\babaisyou_jhr\gameframework\binobj\sceneanimedit.obj
c:\users\horyongjung\desktop\babaisyou_jhr\gameframework\binobj\scene.obj
c:\users\horyongjung\desktop\babaisyou_jhr\gameframework\binobj\collisionsectionmanager.obj
c:\users\horyongjung\desktop\babaisyou_jhr\gameframework\binobj\collisionsection.obj
c:\users\horyongjung\desktop\babaisyou_jhr\gameframework\binobj\camera.obj
c:\users\horyongjung\desktop\babaisyou_jhr\gameframework\binobj\texture.obj
c:\users\horyongjung\desktop\babaisyou_jhr\gameframework\binobj\sound.obj
c:\users\horyongjung\desktop\babaisyou_jhr\gameframework\binobj\resourcemanager.obj
c:\users\horyongjung\desktop\babaisyou_jhr\gameframework\binobj\defeat.obj
c:\users\horyongjung\desktop\babaisyou_jhr\gameframework\binobj\brick.obj
c:\users\horyongjung\desktop\babaisyou_jhr\gameframework\binobj\melt.obj
c:\users\horyongjung\desktop\babaisyou_jhr\gameframework\binobj\lavaname2.obj
c:\users\horyongjung\desktop\babaisyou_jhr\gameframework\binobj\lavaname.obj
c:\users\horyongjung\desktop\babaisyou_jhr\gameframework\binobj\lava.obj
c:\users\horyongjung\desktop\babaisyou_jhr\gameframework\binobj\hot.obj
c:\users\horyongjung\desktop\babaisyou_jhr\gameframework\binobj\grassname.obj
c:\users\horyongjung\desktop\babaisyou_jhr\gameframework\binobj\skullname.obj
c:\users\horyongjung\desktop\babaisyou_jhr\gameframework\binobj\skull.obj
c:\users\horyongjung\desktop\babaisyou_jhr\gameframework\binobj\sink.obj
c:\users\horyongjung\desktop\babaisyou_jhr\gameframework\binobj\watername.obj
c:\users\horyongjung\desktop\babaisyou_jhr\gameframework\binobj\water.obj
c:\users\horyongjung\desktop\babaisyou_jhr\gameframework\binobj\scenestage07.obj
c:\users\horyongjung\desktop\babaisyou_jhr\gameframework\binobj\scenestage06.obj
c:\users\horyongjung\desktop\babaisyou_jhr\gameframework\binobj\scenestage05.obj
c:\users\horyongjung\desktop\babaisyou_jhr\gameframework\binobj\scenestage04.obj
c:\users\horyongjung\desktop\babaisyou_jhr\gameframework\binobj\scenestage03.obj
c:\users\horyongjung\desktop\babaisyou_jhr\gameframework\binobj\scenestage02.obj
c:\users\horyongjung\desktop\babaisyou_jhr\gameframework\binobj\uibaba.obj
c:\users\horyongjung\desktop\babaisyou_jhr\gameframework\bin\gameframework.ipdb
c:\users\horyongjung\desktop\babaisyou_jhr\gameframework\bin\gameframework.iobj
c:\users\horyongjung\desktop\babaisyou_jhr\gameframework\bin\gameframework.exe
c:\users\horyongjung\desktop\babaisyou_jhr\gameframework\bin\gameframework.pdb
c:\users\horyongjung\desktop\babaisyou_jhr\gameframework\binobj\gameframework.res
c:\users\horyongjung\desktop\babaisyou_jhr\gameframework\binobj\bullet.obj
c:\users\horyongjung\desktop\babaisyou_jhr\gameframework\binobj\monster.obj
c:\users\horyongjung\desktop\babaisyou_jhr\gameframework\binobj\player.obj
c:\users\horyongjung\desktop\babaisyou_jhr\gameframework\binobj\scenemain.obj
c:\users\horyongjung\desktop\babaisyou_jhr\gameframework\binobj\uipanel.obj
c:\users\horyongjung\desktop\babaisyou_jhr\gameframework\binobj\vc142.idb
c:\users\horyongjung\desktop\babaisyou_jhr\gameframework\binobj\../bin/gameframework.pdb
c:\users\horyongjung\desktop\babaisyou_jhr\gameframework\include\../bin/gameframework.exe
c:\users\horyongjung\desktop\babaisyou_jhr\gameframework\binobj\gameframework.tlog\cl.command.1.tlog
c:\users\horyongjung\desktop\babaisyou_jhr\gameframework\binobj\gameframework.tlog\cl.read.1.tlog
c:\users\horyongjung\desktop\babaisyou_jhr\gameframework\binobj\gameframework.tlog\cl.write.1.tlog
c:\users\horyongjung\desktop\babaisyou_jhr\gameframework\binobj\gameframework.tlog\gameframework.write.1u.tlog
c:\users\horyongjung\desktop\babaisyou_jhr\gameframework\binobj\gameframework.tlog\link.command.1.tlog
c:\users\horyongjung\desktop\babaisyou_jhr\gameframework\binobj\gameframework.tlog\link.read.1.tlog
c:\users\horyongjung\desktop\babaisyou_jhr\gameframework\binobj\gameframework.tlog\link.write.1.tlog
c:\users\horyongjung\desktop\babaisyou_jhr\gameframework\binobj\gameframework.tlog\rc.command.1.tlog
c:\users\horyongjung\desktop\babaisyou_jhr\gameframework\binobj\gameframework.tlog\rc.read.1.tlog
c:\users\horyongjung\desktop\babaisyou_jhr\gameframework\binobj\gameframework.tlog\rc.write.1.tlog
