e:\lecture\30th\api\gameframework\gameframework\binobj\vc142.pdb
e:\lecture\30th\api\gameframework\gameframework\binobj\vc142.idb
e:\lecture\30th\api\gameframework\gameframework\binobj\timer.obj
e:\lecture\30th\api\gameframework\gameframework\binobj\main.obj
e:\lecture\30th\api\gameframework\gameframework\binobj\gamemanager.obj
e:\lecture\30th\api\gameframework\gameframework\binobj\input.obj
e:\lecture\30th\api\gameframework\gameframework\binobj\scenemanager.obj
e:\lecture\30th\api\gameframework\gameframework\binobj\scenemain.obj
e:\lecture\30th\api\gameframework\gameframework\binobj\scene.obj
e:\lecture\30th\api\gameframework\gameframework\binobj\ref.obj
e:\lecture\30th\api\gameframework\gameframework\binobj\player.obj
e:\lecture\30th\api\gameframework\gameframework\binobj\obj.obj
e:\lecture\30th\api\gameframework\gameframework\binobj\character.obj
e:\lecture\30th\api\gameframework\gameframework\binobj\math.obj
e:\lecture\30th\api\gameframework\gameframework\binobj\bullet.obj
e:\lecture\30th\api\gameframework\gameframework\binobj\monster.obj
e:\lecture\30th\api\gameframework\gameframework\binobj\pathmanager.obj
e:\lecture\30th\api\gameframework\gameframework\binobj\sceneresource.obj
e:\lecture\30th\api\gameframework\gameframework\binobj\texture.obj
e:\lecture\30th\api\gameframework\gameframework\binobj\resourcemanager.obj
e:\lecture\30th\api\gameframework\gameframework\bin\gameframework_debug.exe
e:\lecture\30th\api\gameframework\gameframework\bin\gameframework_debug.ilk
e:\lecture\30th\api\gameframework\gameframework\bin\gameframework_debug.pdb
e:\lecture\30th\api\gameframework\gameframework\binobj\gameframework.res
e:\lecture\30th\api\gameframework\gameframework\binobj\../bin/gameframework_debug.pdb
e:\lecture\30th\api\gameframework\gameframework\include\../bin/gameframework_debug.exe
e:\lecture\30th\api\gameframework\gameframework\binobj\../bin/gameframework_debug.ilk
e:\lecture\30th\api\gameframework\gameframework\binobj\gameframework.tlog\cl.command.1.tlog
e:\lecture\30th\api\gameframework\gameframework\binobj\gameframework.tlog\cl.read.1.tlog
e:\lecture\30th\api\gameframework\gameframework\binobj\gameframework.tlog\cl.write.1.tlog
e:\lecture\30th\api\gameframework\gameframework\binobj\gameframework.tlog\link.command.1.tlog
e:\lecture\30th\api\gameframework\gameframework\binobj\gameframework.tlog\link.read.1.tlog
e:\lecture\30th\api\gameframework\gameframework\binobj\gameframework.tlog\link.write.1.tlog
e:\lecture\30th\api\gameframework\gameframework\binobj\gameframework.tlog\rc.command.1.tlog
e:\lecture\30th\api\gameframework\gameframework\binobj\gameframework.tlog\rc.read.1.tlog
e:\lecture\30th\api\gameframework\gameframework\binobj\gameframework.tlog\rc.write.1.tlog
